2023-03-01 08:21:26,140 - INFO - [31m[1mWARNING: This is a development server. Do not use it in a production deployment. Use a production WSGI server instead.[0m
 * Running on http://127.0.0.1:8989
2023-03-01 08:21:26,140 - INFO - [33mPress CTRL+C to quit[0m
2023-03-01 08:21:26,150 - INFO -  * Restarting with stat
2023-03-01 08:21:26,807 - WARNING -  * Debugger is active!
2023-03-01 08:21:26,807 - INFO -  * Debugger PIN: 877-696-893
2023-03-01 08:22:33,294 - INFO - [31m[1mWARNING: This is a development server. Do not use it in a production deployment. Use a production WSGI server instead.[0m
 * Running on http://127.0.0.1:8989
2023-03-01 08:22:33,294 - INFO - [33mPress CTRL+C to quit[0m
2023-03-01 08:22:33,294 - INFO -  * Restarting with stat
2023-03-01 08:22:34,001 - WARNING -  * Debugger is active!
2023-03-01 08:22:34,003 - INFO -  * Debugger PIN: 877-696-893
2023-03-01 08:27:07,310 - INFO - [31m[1mWARNING: This is a development server. Do not use it in a production deployment. Use a production WSGI server instead.[0m
 * Running on http://127.0.0.1:8989
2023-03-01 08:27:07,310 - INFO - [33mPress CTRL+C to quit[0m
2023-03-01 08:27:07,310 - INFO -  * Restarting with stat
2023-03-01 08:27:07,986 - WARNING -  * Debugger is active!
2023-03-01 08:27:07,986 - INFO -  * Debugger PIN: 636-273-081
2023-03-01 08:32:44,101 - INFO - [31m[1mWARNING: This is a development server. Do not use it in a production deployment. Use a production WSGI server instead.[0m
 * Running on http://127.0.0.1:5000
2023-03-01 08:32:44,101 - INFO - [33mPress CTRL+C to quit[0m
